<?xml version="1.0" encoding="UTF-8"?>
<testng-results ignored="0" total="2" passed="2" failed="0" skipped="0">
  <reporter-output>
  </reporter-output>
  <suite started-at="2022-10-20T17:13:45 IST" name="Default suite" finished-at="2022-10-20T17:14:00 IST" duration-ms="15258">
    <groups>
    </groups>
    <test started-at="2022-10-20T17:13:45 IST" name="Default test" finished-at="2022-10-20T17:14:00 IST" duration-ms="15258">
      <class name="com.capstone.AadharCitizen">
        <test-method signature="ChromeBrowser()[pri:0, instance:com.capstone.AadharCitizen@4d02f94e]" started-at="2022-10-20T17:13:45 IST" name="ChromeBrowser" finished-at="2022-10-20T17:13:48 IST" duration-ms="3214" status="PASS">
          <reporter-output>
          </reporter-output>
        </test-method> <!-- ChromeBrowser -->
        <test-method signature="CitizenCheck()[pri:0, instance:com.capstone.AadharCitizen@4d02f94e]" started-at="2022-10-20T17:13:48 IST" name="CitizenCheck" finished-at="2022-10-20T17:14:00 IST" duration-ms="11956" status="PASS">
          <reporter-output>
          </reporter-output>
        </test-method> <!-- CitizenCheck -->
      </class> <!-- com.capstone.AadharCitizen -->
    </test> <!-- Default test -->
  </suite> <!-- Default suite -->
</testng-results>
